<?xml version="1.0" encoding="UTF-8"?>
<testng-results skipped="0" failed="0" total="1" passed="1">
  <reporter-output>
  </reporter-output>
  <suite name="Default suite" duration-ms="14521" started-at="2021-04-19T19:37:29Z" finished-at="2021-04-19T19:37:43Z">
    <groups>
    </groups>
    <test name="Default test" duration-ms="14521" started-at="2021-04-19T19:37:29Z" finished-at="2021-04-19T19:37:43Z">
      <class name="mar.PropertiesFiles">
        <test-method status="PASS" signature="setup()[pri:0, instance:mar.PropertiesFiles@28d25987]" name="setup" is-config="true" duration-ms="13821" started-at="2021-04-20T01:07:29Z" finished-at="2021-04-20T01:07:43Z">
          <reporter-output>
          </reporter-output>
        </test-method> <!-- setup -->
        <test-method status="PASS" signature="verifyLogin()[pri:0, instance:mar.PropertiesFiles@28d25987]" name="verifyLogin" duration-ms="656" started-at="2021-04-20T01:07:43Z" finished-at="2021-04-20T01:07:43Z">
          <reporter-output>
          </reporter-output>
        </test-method> <!-- verifyLogin -->
      </class> <!-- mar.PropertiesFiles -->
    </test> <!-- Default test -->
  </suite> <!-- Default suite -->
</testng-results>
